2024-12-11 10:41:55 INFO  ParcelLogger:23 - ---------registerBooking()-----------
2024-12-11 10:41:56 INFO  ParcelLogger:27 - Registered successfully
2024-12-11 10:41:56 INFO  ParcelLogger:32 - --------searchBooking()-------------
2024-12-11 10:41:56 ERROR ParcelLogger:37 - No such booking exist
2024-12-11 10:41:56 INFO  ParcelLogger:40 - ---------getPreviousBookingDetailsOfCustomer()---------
2024-12-11 10:41:56 ERROR ParcelLogger:48 - No previous booking history exist
2024-12-11 10:41:56 INFO  ParcelLogger:51 - ---------getPreviousBookingDetailsOfallCustomersInAdminPage()---------
2024-12-11 10:41:56 INFO  ParcelLogger:55 - Booking [User_ID=KumarRaja7459, User_Name=Kumar Raja, User_Address=Patna, Rec_Name=Reema, Rec_Address=Patna, Rec_Pin=678904, Rec_Mobile=9087675645, Par_Weight_Gram=1000000, Par_Contents_Description=sugarless tea, Par_Delivery_Type=Standard, Par_Packing_Preference=Normal, Par_PickupTime=2024-12-14T10:20, Par_DropoffTime=2024-12-22T10:24, Par_ServiceCost=10060, Par_PaymentTime=2024-12-11 10:21:03.0, Booking_ID=71352194, Par_Status=Not Delivered]
2024-12-11 10:41:57 INFO  ParcelLogger:55 - Booking [User_ID=KumarRaja7459, User_Name=Kumar Raja, User_Address=Patna, Rec_Name=Reema, Rec_Address=Cheennai, Rec_Pin=678904, Rec_Mobile=8905543217, Par_Weight_Gram=100000, Par_Contents_Description=very bulky, Par_Delivery_Type=Overnight, Par_Packing_Preference=Fragile, Par_PickupTime=2024-12-12T10:12, Par_DropoffTime=2024-12-20T13:14, Par_ServiceCost=1150, Par_PaymentTime=2024-12-11 10:12:12.0, Booking_ID=62202594, Par_Status=Not Delivered]
2024-12-11 10:41:57 INFO  ParcelLogger:55 - Booking [User_ID=1234, User_Name=Rajeev kumar, User_Address=patna, Rec_Name=Arya, Rec_Address=Trivandrum,Kerala, Rec_Pin=678954, Rec_Mobile=7865432190, Par_Weight_Gram=10000, Par_Contents_Description=glass, Par_Delivery_Type=Express, Par_Packing_Preference=Normal, Par_PickupTime=2024-12-10T19:59, Par_DropoffTime=2024-12-12T16:59, Par_ServiceCost=180, Par_PaymentTime=2024-12-10 17:00:18.0, Booking_ID=52660997, Par_Status=Not Delivered]
2024-12-11 10:41:57 INFO  ParcelLogger:55 - Booking [User_ID=aimee123, User_Name=Aimee Gale, User_Address=Idukki, Rec_Name=Lekshmi, Rec_Address=Ernakulam,Kerala, Rec_Pin=675432, Rec_Mobile=7654321907, Par_Weight_Gram=140000, Par_Contents_Description=Electronic items, Par_Delivery_Type=Standard, Par_Packing_Preference=Fragile, Par_PickupTime=2024-12-10T18:32, Par_DropoffTime=2024-12-12T15:32, Par_ServiceCost=1480, Par_PaymentTime=2024-12-10 15:32:36.0, Booking_ID=49525315, Par_Status=Not Delivered]
2024-12-11 10:41:57 INFO  ParcelLogger:55 - Booking [User_ID=123, User_Name=Reena, User_Address=New Delhi, Rec_Name=Arihant, Rec_Address=New Delhi, Rec_Pin=123456, Rec_Mobile=7890654321, Par_Weight_Gram=10000, Par_Contents_Description=bulky, Par_Delivery_Type=Standard, Par_Packing_Preference=Normal, Par_PickupTime=2024-12-10T15:08, Par_DropoffTime=2024-12-12T15:10, Par_ServiceCost=160, Par_PaymentTime=2024-12-10 15:07:53.0, Booking_ID=89340736, Par_Status=In-Transit]
2024-12-11 10:41:57 INFO  ParcelLogger:55 - Booking [User_ID=123, User_Name=Kumar Raja, User_Address=Khagaria, Rec_Name=Arihant, Rec_Address=New Delhi, Rec_Pin=678905, Rec_Mobile=7890654321, Par_Weight_Gram=15000, Par_Contents_Description=Boxes, Par_Delivery_Type=Standard, Par_Packing_Preference=Normal, Par_PickupTime=2024-12-11T15:14, Par_DropoffTime=2024-12-12T15:14, Par_ServiceCost=210, Par_PaymentTime=2024-12-10 13:37:17.0, Booking_ID=81542789, Par_Status=Returned]
2024-12-11 10:41:57 INFO  ParcelLogger:55 - Booking [User_ID=123, User_Name=Kumar Raja, User_Address=Khagaria, Rec_Name=saurav kumar, Rec_Address=nawada, Rec_Pin=876757, Rec_Mobile=9887687678, Par_Weight_Gram=10000, Par_Contents_Description=bulky, Par_Delivery_Type=Standard, Par_Packing_Preference=Normal, Par_PickupTime=2024-12-10T20:07, Par_DropoffTime=2024-12-11T17:07, Par_ServiceCost=160, Par_PaymentTime=2024-12-09 21:52:50.0, Booking_ID=43216242, Par_Status=Delivered]
2024-12-11 10:41:57 INFO  ParcelLogger:55 - Booking [User_ID=123, User_Name=Kumar Raja, User_Address=Khagaria, Rec_Name=kumar raja, Rec_Address=jamalpur, Rec_Pin=851203, Rec_Mobile=7086564738, Par_Weight_Gram=10000, Par_Contents_Description=very heavy, Par_Delivery_Type=Express, Par_Packing_Preference=Fragile, Par_PickupTime=2024-12-09T09:44, Par_DropoffTime=2024-12-11T09:44, Par_ServiceCost=200, Par_PaymentTime=2024-12-09 16:14:16.0, Booking_ID=98792805, Par_Status=Not Delivered]
2024-12-11 10:41:57 INFO  ParcelLogger:55 - Booking [User_ID=4002, User_Name=Amal Krishnan, User_Address=Edapally, Kochi, Kerala, Rec_Name=Vimal, Rec_Address=Ernakulam, Rec_Pin=675443, Rec_Mobile=8005432180, Par_Weight_Gram=2565, Par_Contents_Description=Electronics, Par_Delivery_Type=Premium, Par_Packing_Preference=Box, Par_PickupTime=2024-12-05 09:00:00, Par_DropoffTime=2024-12-05 15:00:00, Par_ServiceCost=800, Par_PaymentTime=2024-12-04 20:00:00.0, Booking_ID=1078, Par_Status=Confirmed]
2024-12-11 10:41:57 INFO  ParcelLogger:62 - ---------------updateDeliveryStatus()----------
2024-12-11 10:41:57 INFO  ParcelLogger:65 - Delivery status Updated successfully
2024-12-11 10:41:57 INFO  ParcelLogger:70 - ---------------updatePickupAndDroptime()----------
2024-12-11 10:41:57 INFO  ParcelLogger:73 - PickupandDropTime Updated successfully
2024-12-11 10:41:57 INFO  ParcelLogger:78 - ---------registerNewUser()-----------
2024-12-11 10:41:57 INFO  ParcelLogger:83 - User Registered successfully
2024-12-11 10:41:57 INFO  ParcelLogger:92 - ---------LoginUser()-----------
2024-12-11 10:41:57 INFO  ParcelLogger:95 - Login successfully
2024-12-11 10:44:33 INFO  ParcelLogger:23 - ---------registerBooking()-----------
2024-12-11 10:44:38 INFO  ParcelLogger:27 - Registered successfully
2024-12-11 10:44:38 INFO  ParcelLogger:32 - --------searchBooking()-------------
2024-12-11 10:44:38 ERROR ParcelLogger:37 - No such booking exist
2024-12-11 10:44:38 INFO  ParcelLogger:40 - ---------getPreviousBookingDetailsOfCustomer()---------
2024-12-11 10:44:38 ERROR ParcelLogger:48 - No previous booking history exist
2024-12-11 10:44:38 INFO  ParcelLogger:51 - ---------getPreviousBookingDetailsOfallCustomersInAdminPage()---------
2024-12-11 10:44:38 INFO  ParcelLogger:55 - Booking [User_ID=KumarRaja7459, User_Name=Kumar Raja, User_Address=Patna, Rec_Name=Reema, Rec_Address=Patna, Rec_Pin=678904, Rec_Mobile=9087675645, Par_Weight_Gram=1000000, Par_Contents_Description=sugarless tea, Par_Delivery_Type=Standard, Par_Packing_Preference=Normal, Par_PickupTime=2024-12-14T10:20, Par_DropoffTime=2024-12-22T10:24, Par_ServiceCost=10060, Par_PaymentTime=2024-12-11 10:21:03.0, Booking_ID=71352194, Par_Status=Not Delivered]
2024-12-11 10:44:38 INFO  ParcelLogger:55 - Booking [User_ID=KumarRaja7459, User_Name=Kumar Raja, User_Address=Patna, Rec_Name=Reema, Rec_Address=Cheennai, Rec_Pin=678904, Rec_Mobile=8905543217, Par_Weight_Gram=100000, Par_Contents_Description=very bulky, Par_Delivery_Type=Overnight, Par_Packing_Preference=Fragile, Par_PickupTime=2024-12-12T10:12, Par_DropoffTime=2024-12-20T13:14, Par_ServiceCost=1150, Par_PaymentTime=2024-12-11 10:12:12.0, Booking_ID=62202594, Par_Status=Not Delivered]
2024-12-11 10:44:38 INFO  ParcelLogger:55 - Booking [User_ID=1234, User_Name=Rajeev kumar, User_Address=patna, Rec_Name=Arya, Rec_Address=Trivandrum,Kerala, Rec_Pin=678954, Rec_Mobile=7865432190, Par_Weight_Gram=10000, Par_Contents_Description=glass, Par_Delivery_Type=Express, Par_Packing_Preference=Normal, Par_PickupTime=2024-12-10T19:59, Par_DropoffTime=2024-12-12T16:59, Par_ServiceCost=180, Par_PaymentTime=2024-12-10 17:00:18.0, Booking_ID=52660997, Par_Status=Not Delivered]
2024-12-11 10:44:38 INFO  ParcelLogger:55 - Booking [User_ID=aimee123, User_Name=Aimee Gale, User_Address=Idukki, Rec_Name=Lekshmi, Rec_Address=Ernakulam,Kerala, Rec_Pin=675432, Rec_Mobile=7654321907, Par_Weight_Gram=140000, Par_Contents_Description=Electronic items, Par_Delivery_Type=Standard, Par_Packing_Preference=Fragile, Par_PickupTime=2024-12-10T18:32, Par_DropoffTime=2024-12-12T15:32, Par_ServiceCost=1480, Par_PaymentTime=2024-12-10 15:32:36.0, Booking_ID=49525315, Par_Status=Not Delivered]
2024-12-11 10:44:38 INFO  ParcelLogger:55 - Booking [User_ID=123, User_Name=Reena, User_Address=New Delhi, Rec_Name=Arihant, Rec_Address=New Delhi, Rec_Pin=123456, Rec_Mobile=7890654321, Par_Weight_Gram=10000, Par_Contents_Description=bulky, Par_Delivery_Type=Standard, Par_Packing_Preference=Normal, Par_PickupTime=2024-12-10T15:08, Par_DropoffTime=2024-12-12T15:10, Par_ServiceCost=160, Par_PaymentTime=2024-12-10 15:07:53.0, Booking_ID=89340736, Par_Status=In-Transit]
2024-12-11 10:44:38 INFO  ParcelLogger:55 - Booking [User_ID=123, User_Name=Kumar Raja, User_Address=Khagaria, Rec_Name=Arihant, Rec_Address=New Delhi, Rec_Pin=678905, Rec_Mobile=7890654321, Par_Weight_Gram=15000, Par_Contents_Description=Boxes, Par_Delivery_Type=Standard, Par_Packing_Preference=Normal, Par_PickupTime=2024-12-11T15:14, Par_DropoffTime=2024-12-12T15:14, Par_ServiceCost=210, Par_PaymentTime=2024-12-10 13:37:17.0, Booking_ID=81542789, Par_Status=Returned]
2024-12-11 10:44:38 INFO  ParcelLogger:55 - Booking [User_ID=123, User_Name=Kumar Raja, User_Address=Khagaria, Rec_Name=saurav kumar, Rec_Address=nawada, Rec_Pin=876757, Rec_Mobile=9887687678, Par_Weight_Gram=10000, Par_Contents_Description=bulky, Par_Delivery_Type=Standard, Par_Packing_Preference=Normal, Par_PickupTime=2024-12-10T20:07, Par_DropoffTime=2024-12-11T17:07, Par_ServiceCost=160, Par_PaymentTime=2024-12-09 21:52:50.0, Booking_ID=43216242, Par_Status=Delivered]
2024-12-11 10:44:38 INFO  ParcelLogger:55 - Booking [User_ID=123, User_Name=Kumar Raja, User_Address=Khagaria, Rec_Name=kumar raja, Rec_Address=jamalpur, Rec_Pin=851203, Rec_Mobile=7086564738, Par_Weight_Gram=10000, Par_Contents_Description=very heavy, Par_Delivery_Type=Express, Par_Packing_Preference=Fragile, Par_PickupTime=2024-12-09T09:44, Par_DropoffTime=2024-12-11T09:44, Par_ServiceCost=200, Par_PaymentTime=2024-12-09 16:14:16.0, Booking_ID=98792805, Par_Status=Not Delivered]
2024-12-11 10:44:38 INFO  ParcelLogger:55 - Booking [User_ID=4002, User_Name=Amal Krishnan, User_Address=Edapally, Kochi, Kerala, Rec_Name=Vimal, Rec_Address=Ernakulam, Rec_Pin=675443, Rec_Mobile=8005432180, Par_Weight_Gram=2565, Par_Contents_Description=Electronics, Par_Delivery_Type=Premium, Par_Packing_Preference=Box, Par_PickupTime=2024-12-05 09:00:00, Par_DropoffTime=2024-12-05 15:00:00, Par_ServiceCost=800, Par_PaymentTime=2024-12-04 20:00:00.0, Booking_ID=1078, Par_Status=Confirmed]
2024-12-11 10:44:38 INFO  ParcelLogger:55 - Booking [User_ID=4002, User_Name=Amal Krishnan, User_Address=Edapally, Kochi, Kerala, Rec_Name=Vimal, Rec_Address=Ernakulam, Rec_Pin=675443, Rec_Mobile=8005432180, Par_Weight_Gram=2565, Par_Contents_Description=Electronics, Par_Delivery_Type=Premium, Par_Packing_Preference=Box, Par_PickupTime=2024-12-06 09:00:00, Par_DropoffTime=2024-12-07 15:00:00, Par_ServiceCost=800, Par_PaymentTime=2024-12-04 20:00:00.0, Booking_ID=1078, Par_Status=In-Transit]
2024-12-11 10:44:38 INFO  ParcelLogger:62 - ---------------updateDeliveryStatus()----------
2024-12-11 10:44:38 INFO  ParcelLogger:65 - Delivery status Updated successfully
2024-12-11 10:44:38 INFO  ParcelLogger:70 - ---------------updatePickupAndDroptime()----------
2024-12-11 10:44:38 INFO  ParcelLogger:73 - PickupandDropTime Updated successfully
2024-12-11 10:44:38 INFO  ParcelLogger:78 - ---------registerNewUser()-----------
2024-12-11 10:44:38 INFO  ParcelLogger:92 - ---------LoginUser()-----------
2024-12-11 10:44:38 INFO  ParcelLogger:95 - Login successfully
